<?xml version="1.0" encoding="UTF-8"?>
<testsuite xmlns:xsi="http://www.w3.org/2001/XMLSchema-instance" xsi:noNamespaceSchemaLocation="https://maven.apache.org/surefire/maven-surefire-plugin/xsd/surefire-test-report-3.0.xsd" version="3.0" name="TestSuite" time="84.836" tests="2" errors="0" skipped="0" failures="0">
  <properties>
[...]
</properties>
  <testcase name="LoginFacebookPageTest" classname="com.projectname1.qa.TestCases.LoginFacebookPageTest" time="4.233">
    <system-out><![CDATA[VerifytheFacebookMessagefromLoginPaage
Facebook helps you connect and share with the people in your life.
Sat Aug 20 21:31:11 IST 2022
]]></system-out>
    <system-err><![CDATA[Starting ChromeDriver 104.0.5112.79 (3cf3e8c8a07d104b9e1260c910efb8f383285dc5-refs/branch-heads/5112@{#1307}) on port 32957
Only local connections are allowed.
Please see https://chromedriver.chromium.org/security-considerations for suggestions on keeping ChromeDriver safe.
ChromeDriver was started successfully.
Aug 20, 2022 9:30:54 PM org.openqa.selenium.remote.ProtocolHandshake createSession
INFO: Detected dialect: W3C
]]></system-err>
  </testcase>
  <testcase name="Test" classname="com.projectname1.qa.TestCases.RegistrationTest" time="16.235">
    <system-out><![CDATA[RegistrationPage
click facbook signup link
verifyfacebooklogoinregistrationpage
verifyfacebookregistrationpagealreadyhaveanaccount
setfirstnameinregistrationpage
setlastnameinregistrationpage
setmobilenumberinregistrationpage
setpasswordinregistrationpage
setbirthdayinregistrationpage
Sat Aug 20 21:31:50 IST 2022
setbirthmonthinregistrationpage
]]></system-out>
    <system-err><![CDATA[Starting ChromeDriver 104.0.5112.79 (3cf3e8c8a07d104b9e1260c910efb8f383285dc5-refs/branch-heads/5112@{#1307}) on port 12563
Only local connections are allowed.
Please see https://chromedriver.chromium.org/security-considerations for suggestions on keeping ChromeDriver safe.
ChromeDriver was started successfully.
Aug 20, 2022 9:31:22 PM org.openqa.selenium.remote.ProtocolHandshake createSession
INFO: Detected dialect: W3C
]]></system-err>
  </testcase>
</testsuite>