<?xml version="1.0" encoding="UTF-8"?>
<testng-results total="2" passed="2" failed="0" skipped="0">
  <reporter-output>
    <line>
      <![CDATA[VerifyTheFacebookLogoinLoginPage]]>
    </line>
    <line>
      <![CDATA[VerifytheFacebookMessagefromLoginPaage]]>
    </line>
    <line>
      <![CDATA[VerifyFacebookCreateNewAccountButton]]>
    </line>
    <line>
      <![CDATA[VerifyFacebookCreatePageforCelebrityButton]]>
    </line>
    <line>
      <![CDATA[VerifyFacebookForgottenPasswordlink]]>
    </line>
    <line>
      <![CDATA[ClickOnLoginButton]]>
    </line>
    <line>
      <![CDATA[setUsernameinUsernameField]]>
    </line>
    <line>
      <![CDATA[setUsernameinUsernameField]]>
    </line>
    <line>
      <![CDATA[ClickOnLoginButton]]>
    </line>
    <line>
      <![CDATA[RegistrationPage]]>
    </line>
    <line>
      <![CDATA[click facbook signup link]]>
    </line>
    <line>
      <![CDATA[verifyfacebooklogoinregistrationpage]]>
    </line>
    <line>
      <![CDATA[verifyfacebookregistrationpagealreadyhaveanaccount]]>
    </line>
    <line>
      <![CDATA[setfirstnameinregistrationpage]]>
    </line>
    <line>
      <![CDATA[setlastnameinregistrationpage]]>
    </line>
    <line>
      <![CDATA[setmobilenumberinregistrationpage]]>
    </line>
    <line>
      <![CDATA[setpasswordinregistrationpage]]>
    </line>
    <line>
      <![CDATA[setbirthdayinregistrationpage]]>
    </line>
    <line>
      <![CDATA[setbirthmonthinregistrationpage]]>
    </line>
  </reporter-output>
  <suite started-at="2022-08-20T21:29:10Z" name="Suite" finished-at="2022-08-20T21:29:33Z" duration-ms="23320">
    <groups>
    </groups>
    <test started-at="2022-08-20T21:29:10Z" name="Testing" finished-at="2022-08-20T21:29:33Z" duration-ms="23320">
      <class name="com.projectname1.qa.TestCases.LoginFacebookPageTest">
        <test-method is-config="true" signature="setup()" started-at="2022-08-20T21:29:10Z" name="setup" finished-at="2022-08-20T21:29:17Z" duration-ms="6982" status="PASS">
        </test-method>
        <test-method signature="LoginFacebookPageTest()" started-at="2022-08-20T21:29:17Z" name="LoginFacebookPageTest" finished-at="2022-08-20T21:29:19Z" duration-ms="1376" status="PASS">
        </test-method>
        <test-method is-config="true" signature="teardown()" started-at="2022-08-20T21:29:19Z" name="teardown" finished-at="2022-08-20T21:29:19Z" duration-ms="587" status="PASS">
        </test-method>
      </class>
      <class name="com.projectname1.qa.TestCases.RegistrationTest">
        <test-method is-config="true" signature="setup()" started-at="2022-08-20T21:29:19Z" name="setup" finished-at="2022-08-20T21:29:27Z" duration-ms="7646" status="PASS">
        </test-method>
        <test-method signature="Test()" started-at="2022-08-20T21:29:27Z" name="Test" finished-at="2022-08-20T21:29:31Z" duration-ms="4203" status="PASS">
        </test-method>
        <test-method is-config="true" signature="teardown()" started-at="2022-08-20T21:29:31Z" name="teardown" finished-at="2022-08-20T21:29:33Z" duration-ms="2502" status="PASS">
        </test-method>
      </class>
    </test>
  </suite>
</testng-results>
